<?xml version="1.0" encoding="UTF-8"?>
<testsuite xmlns:xsi="http://www.w3.org/2001/XMLSchema-instance" xsi:noNamespaceSchemaLocation="https://maven.apache.org/surefire/maven-surefire-plugin/xsd/surefire-test-report.xsd" name="TestSuite" time="39.56" tests="1" errors="0" skipped="0" failures="1">
  <properties>
[...]
</properties>
  <testcase name="feature" classname="runners.runner_login_valid_credentials_Test" time="38.174">
    <failure message="org.openqa.selenium.NoSuchElementException: no such element: Unable to locate element: {&quot;method&quot;:&quot;xpath&quot;,&quot;selector&quot;:&quot;//*[@id=&quot;body&quot;]/div[3]/div[2]/div[3]/button[2]&quot;}&#10;  (Session info: content shell=)&#10;  (Driver info: chromedriver=2.36.540470 (e522d04694c7ebea4ba8821272dbef4f9b818c91),platform=Windows NT 10.0.14393 x86_64) (WARNING: The server did not provide any stacktrace information)&#10;Command duration or timeout: 95 milliseconds&#10;For documentation on this error, please visit: http://seleniumhq.org/exceptions/no_such_element.html&#10;Build info: version: &apos;3.4.0&apos;, revision: &apos;unknown&apos;, time: &apos;unknown&apos;&#10;System info: host: &apos;NTS5CG7321YLY&apos;, ip: &apos;192.168.1.54&apos;, os.name: &apos;Windows 10&apos;, os.arch: &apos;amd64&apos;, os.version: &apos;10.0&apos;, java.version: &apos;1.8.0_171&apos;&#10;Driver info: org.openqa.selenium.chrome.ChromeDriver&#10;Capabilities [{applicationCacheEnabled=false, rotatable=false, mobileEmulationEnabled=false, networkConnectionEnabled=false, chrome={chromedriverVersion=2.36.540470 (e522d04694c7ebea4ba8821272dbef4f9b818c91), userDataDir=D:\Users\myol\AppData\Local\Temp\scoped_dir12248_24367}, takesHeapSnapshot=true, pageLoadStrategy=normal, databaseEnabled=false, handlesAlerts=true, hasTouchScreen=false, version=, platform=XP, browserConnectionEnabled=false, nativeEvents=true, acceptSslCerts=false, acceptInsecureCerts=false, locationContextEnabled=true, webStorageEnabled=true, browserName=chrome, takesScreenshot=true, javascriptEnabled=true, cssSelectorsEnabled=true, setWindowRect=true, unexpectedAlertBehaviour=}]&#10;Session ID: 8db96f1446a9161f496560fffcc4963b&#10;*** Element info: {Using=xpath, value=//*[@id=&quot;body&quot;]/div[3]/div[2]/div[3]/button[2]}" type="cucumber.runtime.CucumberException">cucumber.runtime.CucumberException: 
org.openqa.selenium.NoSuchElementException: no such element: Unable to locate element: {"method":"xpath","selector":"//*[@id="body"]/div[3]/div[2]/div[3]/button[2]"}
  (Session info: content shell=)
  (Driver info: chromedriver=2.36.540470 (e522d04694c7ebea4ba8821272dbef4f9b818c91),platform=Windows NT 10.0.14393 x86_64) (WARNING: The server did not provide any stacktrace information)
Command duration or timeout: 95 milliseconds
For documentation on this error, please visit: http://seleniumhq.org/exceptions/no_such_element.html
Build info: version: '3.4.0', revision: 'unknown', time: 'unknown'
System info: host: 'NTS5CG7321YLY', ip: '192.168.1.54', os.name: 'Windows 10', os.arch: 'amd64', os.version: '10.0', java.version: '1.8.0_171'
Driver info: org.openqa.selenium.chrome.ChromeDriver
Capabilities [{applicationCacheEnabled=false, rotatable=false, mobileEmulationEnabled=false, networkConnectionEnabled=false, chrome={chromedriverVersion=2.36.540470 (e522d04694c7ebea4ba8821272dbef4f9b818c91), userDataDir=D:\Users\myol\AppData\Local\Temp\scoped_dir12248_24367}, takesHeapSnapshot=true, pageLoadStrategy=normal, databaseEnabled=false, handlesAlerts=true, hasTouchScreen=false, version=, platform=XP, browserConnectionEnabled=false, nativeEvents=true, acceptSslCerts=false, acceptInsecureCerts=false, locationContextEnabled=true, webStorageEnabled=true, browserName=chrome, takesScreenshot=true, javascriptEnabled=true, cssSelectorsEnabled=true, setWindowRect=true, unexpectedAlertBehaviour=}]
Session ID: 8db96f1446a9161f496560fffcc4963b
*** Element info: {Using=xpath, value=//*[@id="body"]/div[3]/div[2]/div[3]/button[2]}
Caused by: org.openqa.selenium.NoSuchElementException: 
no such element: Unable to locate element: {"method":"xpath","selector":"//*[@id="body"]/div[3]/div[2]/div[3]/button[2]"}
  (Session info: content shell=)
  (Driver info: chromedriver=2.36.540470 (e522d04694c7ebea4ba8821272dbef4f9b818c91),platform=Windows NT 10.0.14393 x86_64) (WARNING: The server did not provide any stacktrace information)
Command duration or timeout: 95 milliseconds
For documentation on this error, please visit: http://seleniumhq.org/exceptions/no_such_element.html
Build info: version: '3.4.0', revision: 'unknown', time: 'unknown'
System info: host: 'NTS5CG7321YLY', ip: '192.168.1.54', os.name: 'Windows 10', os.arch: 'amd64', os.version: '10.0', java.version: '1.8.0_171'
Driver info: org.openqa.selenium.chrome.ChromeDriver
Capabilities [{applicationCacheEnabled=false, rotatable=false, mobileEmulationEnabled=false, networkConnectionEnabled=false, chrome={chromedriverVersion=2.36.540470 (e522d04694c7ebea4ba8821272dbef4f9b818c91), userDataDir=D:\Users\myol\AppData\Local\Temp\scoped_dir12248_24367}, takesHeapSnapshot=true, pageLoadStrategy=normal, databaseEnabled=false, handlesAlerts=true, hasTouchScreen=false, version=, platform=XP, browserConnectionEnabled=false, nativeEvents=true, acceptSslCerts=false, acceptInsecureCerts=false, locationContextEnabled=true, webStorageEnabled=true, browserName=chrome, takesScreenshot=true, javascriptEnabled=true, cssSelectorsEnabled=true, setWindowRect=true, unexpectedAlertBehaviour=}]
Session ID: 8db96f1446a9161f496560fffcc4963b
*** Element info: {Using=xpath, value=//*[@id="body"]/div[3]/div[2]/div[3]/button[2]}
</failure>
    <system-out><![CDATA[Feature: Login successfully to S4B
[CDwindow-07782f84-ade0-44f1-a773-bc0cb77bface, CDwindow-2ad676f1-e903-4ae2-a91d-18865c74cb69]
count is0
count is1
we are in the login page

  Scenario: Login to S4B with correct credentials       &amp#27;[90m# src/test/resources/features/login.feature:6&amp#27;[0m
    &amp#27;[32mGiven &amp#27;[0m&amp#27;[32mS&amp#27;[0m&amp#27;[32m&amp#27;[1m4&amp#27;[0m&amp#27;[32mB is launched&amp#27;[0m                               &amp#27;[90m# stepdef_login_valid_credentials_Test.s_B_is_launched(int)&amp#27;[0m
    &amp#27;[32mWhen &amp#27;[0m&amp#27;[32mEnter valid UC_username&amp#27;[0m                        &amp#27;[90m# stepdef_login_valid_credentials_Test.enter_valid_UC_username()&amp#27;[0m
    &amp#27;[32mAnd &amp#27;[0m&amp#27;[32mEnter valid UC_paserword&amp#27;[0m                        &amp#27;[90m# stepdef_login_valid_credentials_Test.enter_valid_UC_paserword()&amp#27;[0m
    &amp#27;[32mAnd &amp#27;[0m&amp#27;[32mClick on UC_login button&amp#27;[0m                        &amp#27;[90m# stepdef_login_valid_credentials_Test.click_on_UC_login_button()&amp#27;[0m
    &amp#27;[32mThen &amp#27;[0m&amp#27;[32mapplication navigates to  S&amp#27;[0m&amp#27;[32m&amp#27;[1m4&amp#27;[0m&amp#27;[32mB skype login page&amp#27;[0m &amp#27;[90m# stepdef_login_valid_credentials_Test.application_navigates_to_S_B_skype_login_page(int)&amp#27;[0m
    &amp#27;[32mAnd &amp#27;[0m&amp#27;[32mEnter valid skype_username&amp#27;[0m                      &amp#27;[90m# stepdef_login_valid_credentials_Test.enter_valid_skype_username()&amp#27;[0m
    &amp#27;[32mAnd &amp#27;[0m&amp#27;[32mEnter valid skype_pasword&amp#27;[0m                       &amp#27;[90m# stepdef_login_valid_credentials_Test.enter_valid_skype_pasword()&amp#27;[0m
    &amp#27;[32mWhen &amp#27;[0m&amp#27;[32mClick on skype_login button&amp#27;[0m                    &amp#27;[90m# stepdef_login_valid_credentials_Test.click_on_skype_login_button()&amp#27;[0m
    &amp#27;[32mThen &amp#27;[0m&amp#27;[32msave credentials  message appears&amp#27;[0m              &amp#27;[90m# stepdef_login_valid_credentials_Test.save_credentials_message_appears()&amp#27;[0m
    &amp#27;[31mWhen &amp#27;[0m&amp#27;[31mClick Ok button&amp#27;[0m                                &amp#27;[90m# stepdef_login_valid_credentials_Test.click_Ok_button()&amp#27;[0m
      &amp#27;[31morg.openqa.selenium.NoSuchElementException: no such element: Unable to locate element: {"method":"xpath","selector":"//*[@id="body"]/div[3]/div[2]/div[3]/button[2]"}
        (Session info: content shell=)
        (Driver info: chromedriver=2.36.540470 (e522d04694c7ebea4ba8821272dbef4f9b818c91),platform=Windows NT 10.0.14393 x86_64) (WARNING: The server did not provide any stacktrace information)
      Command duration or timeout: 95 milliseconds
      For documentation on this error, please visit: http://seleniumhq.org/exceptions/no_such_element.html
      Build info: version: '3.4.0', revision: 'unknown', time: 'unknown'
      System info: host: 'NTS5CG7321YLY', ip: '192.168.1.54', os.name: 'Windows 10', os.arch: 'amd64', os.version: '10.0', java.version: '1.8.0_171'
      Driver info: org.openqa.selenium.chrome.ChromeDriver
      Capabilities [{applicationCacheEnabled=false, rotatable=false, mobileEmulationEnabled=false, networkConnectionEnabled=false, chrome={chromedriverVersion=2.36.540470 (e522d04694c7ebea4ba8821272dbef4f9b818c91), userDataDir=D:\Users\myol\AppData\Local\Temp\scoped_dir12248_24367}, takesHeapSnapshot=true, pageLoadStrategy=normal, databaseEnabled=false, handlesAlerts=true, hasTouchScreen=false, version=, platform=XP, browserConnectionEnabled=false, nativeEvents=true, acceptSslCerts=false, acceptInsecureCerts=false, locationContextEnabled=true, webStorageEnabled=true, browserName=chrome, takesScreenshot=true, javascriptEnabled=true, cssSelectorsEnabled=true, setWindowRect=true, unexpectedAlertBehaviour=}]
      Session ID: 8db96f1446a9161f496560fffcc4963b
      *** Element info: {Using=xpath, value=//*[@id="body"]/div[3]/div[2]/div[3]/button[2]}
      	at sun.reflect.NativeConstructorAccessorImpl.newInstance0(Native Method)
      	at sun.reflect.NativeConstructorAccessorImpl.newInstance(NativeConstructorAccessorImpl.java:62)
      	at sun.reflect.DelegatingConstructorAccessorImpl.newInstance(DelegatingConstructorAccessorImpl.java:45)
      	at java.lang.reflect.Constructor.newInstance(Constructor.java:423)
      	at org.openqa.selenium.remote.ErrorHandler.createThrowable(ErrorHandler.java:215)
      	at org.openqa.selenium.remote.ErrorHandler.throwIfResponseFailed(ErrorHandler.java:167)
      	at org.openqa.selenium.remote.RemoteWebDriver.execute(RemoteWebDriver.java:671)
      	at org.openqa.selenium.remote.RemoteWebDriver.findElement(RemoteWebDriver.java:410)
      	at org.openqa.selenium.remote.RemoteWebDriver.findElementByXPath(RemoteWebDriver.java:509)
      	at org.openqa.selenium.By$ByXPath.findElement(By.java:361)
      	at org.openqa.selenium.remote.RemoteWebDriver.findElement(RemoteWebDriver.java:402)
      	at stepdefinitions.stepdef_login_valid_credentials_Test.click_Ok_button(stepdef_login_valid_credentials_Test.java:148)
      	at ?.When Click Ok button(src/test/resources/features/login.feature:17)
      &amp#27;[0m
    &amp#27;[36mThen &amp#27;[0m&amp#27;[36muser reaches the main page&amp#27;[0m                     &amp#27;[90m# stepdef_login_valid_credentials_Test.user_reaches_the_main_page()&amp#27;[0m
    &amp#27;[36mAnd &amp#27;[0m&amp#27;[36mClick on settings_button&amp#27;[0m                        &amp#27;[90m# stepdef_login_valid_credentials_Test.Click_on_settings_button()&amp#27;[0m
    &amp#27;[36mAnd &amp#27;[0m&amp#27;[36mClick on logout_button&amp#27;[0m                          &amp#27;[90m# stepdef_login_valid_credentials_Test.Click_on_logout_button()&amp#27;[0m
    &amp#27;[36mAnd &amp#27;[0m&amp#27;[36mClick on popup_logout_button&amp#27;[0m                    &amp#27;[90m# stepdef_login_valid_credentials_Test.Click_on_popup_logout_button()&amp#27;[0m
    &amp#27;[36mGiven &amp#27;[0m&amp#27;[36mS&amp#27;[0m&amp#27;[36m&amp#27;[1m4&amp#27;[0m&amp#27;[36mB is launched&amp#27;[0m                               &amp#27;[90m# stepdef_login_valid_credentials_Test.s_B_is_launched(int)&amp#27;[0m
    &amp#27;[36mThen &amp#27;[0m&amp#27;[36mquit the app&amp#27;[0m                                   &amp#27;[90m# stepdef_login_valid_credentials_Test.quit_the_app()&amp#27;[0m
]]></system-out>
    <system-err><![CDATA[Starting ChromeDriver 2.36.540470 (e522d04694c7ebea4ba8821272dbef4f9b818c91) on port 15067
Only local connections are allowed.
Aug 23, 2018 12:25:30 AM org.openqa.selenium.remote.ProtocolHandshake createSession
INFO: Detected dialect: OSS
]]></system-err>
  </testcase>
</testsuite>