<?xml version="1.0" encoding="UTF-8"?>
<testng-results skipped="0" failed="0" ignored="0" total="1" passed="1">
  <reporter-output>
  </reporter-output>
  <suite name="Default suite" duration-ms="48712" started-at="2018-09-07T12:36:34Z" finished-at="2018-09-07T12:37:23Z">
    <groups>
      <group name="cucumber">
        <method signature="AbstractTestNGCucumberTests.feature(cucumber.api.testng.CucumberFeatureWrapper)[pri:0, instance:runners.message_Test@6ec8211c]" name="feature" class="cucumber.api.testng.AbstractTestNGCucumberTests"/>
      </group> <!-- cucumber -->
    </groups>
    <test name="Default test" duration-ms="48712" started-at="2018-09-07T12:36:34Z" finished-at="2018-09-07T12:37:23Z">
      <class name="runners.message_Test">
        <test-method status="PASS" signature="setUpClass()[pri:0, instance:runners.message_Test@6ec8211c]" name="setUpClass" is-config="true" duration-ms="343" started-at="2018-09-07T12:36:34Z" finished-at="2018-09-07T12:36:34Z">
          <reporter-output>
          </reporter-output>
        </test-method> <!-- setUpClass -->
        <test-method status="PASS" signature="feature(cucumber.api.testng.CucumberFeatureWrapper)[pri:0, instance:runners.message_Test@6ec8211c]" name="feature" duration-ms="47914" started-at="2018-09-07T12:36:34Z" description="Runs Cucumber Feature" data-provider="features" finished-at="2018-09-07T12:37:22Z">
          <params>
            <param index="0">
              <value>
                <![CDATA[Sending IM]]>
              </value>
            </param>
          </params>
          <reporter-output>
          </reporter-output>
        </test-method> <!-- feature -->
        <test-method status="PASS" signature="tearDownClass()[pri:0, instance:runners.message_Test@6ec8211c]" name="tearDownClass" is-config="true" duration-ms="351" started-at="2018-09-07T12:37:22Z" finished-at="2018-09-07T12:37:23Z">
          <reporter-output>
          </reporter-output>
        </test-method> <!-- tearDownClass -->
      </class> <!-- runners.message_Test -->
    </test> <!-- Default test -->
  </suite> <!-- Default suite -->
</testng-results>
